# JRE version: OpenJDK Runtime Environment (8.0_111-b14) (build 1.8.0_111-8u111-b14-2ubuntu0.16.04.2-b14)
# Java VM: OpenJDK 64-Bit Server VM (25.111-b14 mixed mode linux-amd64 compressed oops)
Heap:
 PSYoungGen      total 130560K, used 34602K [0x00000000eb700000, 0x00000000f7a00000, 0x0000000100000000)
  eden space 115712K, 29% used [0x00000000eb700000,0x00000000ed8cab08,0x00000000f2800000)
  from space 14848K, 0% used [0x00000000f2800000,0x00000000f2800000,0x00000000f3680000)
  to   space 15872K, 0% used [0x00000000f6a80000,0x00000000f6a80000,0x00000000f7a00000)
 ParOldGen       total 60416K, used 22150K [0x00000000c2400000, 0x00000000c5f00000, 0x00000000eb700000)
  object space 60416K, 36% used [0x00000000c2400000,0x00000000c39a18e8,0x00000000c5f00000)
 Metaspace       used 37386K, capacity 37736K, committed 38184K, reserved 1083392K
  class space    used 4476K, capacity 4595K, committed 4656K, reserved 1048576K
GC Heap History (10 events):
Event: 3.574 GC heap before
{Heap before GC invocations=9 (full 1):
 PSYoungGen      total 72192K, used 66280K [0x00000000eb700000, 0x00000000f2280000, 0x0000000100000000)
  eden space 63488K, 100% used [0x00000000eb700000,0x00000000ef500000,0x00000000ef500000)
  from space 8704K, 32% used [0x00000000ef500000,0x00000000ef7ba348,0x00000000efd80000)
  to   space 8704K, 0% used [0x00000000f1a00000,0x00000000f1a00000,0x00000000f2280000)
 ParOldGen       total 43520K, used 12930K [0x00000000c2400000, 0x00000000c4e80000, 0x00000000eb700000)
  object space 43520K, 29% used [0x00000000c2400000,0x00000000c30a0a00,0x00000000c4e80000)
 Metaspace       used 24914K, capacity 25206K, committed 25392K, reserved 1071104K
  class space    used 2979K, capacity 3079K, committed 3120K, reserved 1048576K
Event: 3.594 GC heap after
Heap after GC invocations=9 (full 1):
 PSYoungGen      total 101376K, used 5733K [0x00000000eb700000, 0x00000000f2380000, 0x0000000100000000)
  eden space 92672K, 0% used [0x00000000eb700000,0x00000000eb700000,0x00000000f1180000)
  from space 8704K, 65% used [0x00000000f1a00000,0x00000000f1f99590,0x00000000f2280000)
  to   space 8704K, 0% used [0x00000000f1180000,0x00000000f1180000,0x00000000f1a00000)
 ParOldGen       total 43520K, used 12938K [0x00000000c2400000, 0x00000000c4e80000, 0x00000000eb700000)
  object space 43520K, 29% used [0x00000000c2400000,0x00000000c30a2a00,0x00000000c4e80000)
 Metaspace       used 24914K, capacity 25206K, committed 25392K, reserved 1071104K
  class space    used 2979K, capacity 3079K, committed 3120K, reserved 1048576K
}
Event: 4.563 GC heap before
{Heap before GC invocations=10 (full 1):
 PSYoungGen      total 101376K, used 98405K [0x00000000eb700000, 0x00000000f2380000, 0x0000000100000000)
  eden space 92672K, 100% used [0x00000000eb700000,0x00000000f1180000,0x00000000f1180000)
  from space 8704K, 65% used [0x00000000f1a00000,0x00000000f1f99590,0x00000000f2280000)
  to   space 8704K, 0% used [0x00000000f1180000,0x00000000f1180000,0x00000000f1a00000)
 ParOldGen       total 43520K, used 12938K [0x00000000c2400000, 0x00000000c4e80000, 0x00000000eb700000)
  object space 43520K, 29% used [0x00000000c2400000,0x00000000c30a2a00,0x00000000c4e80000)
 Metaspace       used 30645K, capacity 30960K, committed 31280K, reserved 1077248K
  class space    used 3668K, capacity 3769K, committed 3888K, reserved 1048576K
Event: 4.587 GC heap after
Heap after GC invocations=10 (full 1):
 PSYoungGen      total 101376K, used 8692K [0x00000000eb700000, 0x00000000f4180000, 0x0000000100000000)
  eden space 92672K, 0% used [0x00000000eb700000,0x00000000eb700000,0x00000000f1180000)
  from space 8704K, 99% used [0x00000000f1180000,0x00000000f19fd040,0x00000000f1a00000)
  to   space 11264K, 0% used [0x00000000f3680000,0x00000000f3680000,0x00000000f4180000)
 ParOldGen       total 43520K, used 16601K [0x00000000c2400000, 0x00000000c4e80000, 0x00000000eb700000)
  object space 43520K, 38% used [0x00000000c2400000,0x00000000c3436680,0x00000000c4e80000)
 Metaspace       used 30645K, capacity 30960K, committed 31280K, reserved 1077248K
  class space    used 3668K, capacity 3769K, committed 3888K, reserved 1048576K
}
Event: 5.471 GC heap before
{Heap before GC invocations=11 (full 1):
 PSYoungGen      total 101376K, used 101364K [0x00000000eb700000, 0x00000000f4180000, 0x0000000100000000)
  eden space 92672K, 100% used [0x00000000eb700000,0x00000000f1180000,0x00000000f1180000)
  from space 8704K, 99% used [0x00000000f1180000,0x00000000f19fd040,0x00000000f1a00000)
  to   space 11264K, 0% used [0x00000000f3680000,0x00000000f3680000,0x00000000f4180000)
 ParOldGen       total 43520K, used 16601K [0x00000000c2400000, 0x00000000c4e80000, 0x00000000eb700000)
  object space 43520K, 38% used [0x00000000c2400000,0x00000000c3436680,0x00000000c4e80000)
 Metaspace       used 34232K, capacity 34564K, committed 34864K, reserved 1079296K
  class space    used 4035K, capacity 4113K, committed 4144K, reserved 1048576K
Event: 5.504 GC heap after
Heap after GC invocations=11 (full 1):
 PSYoungGen      total 126976K, used 11252K [0x00000000eb700000, 0x00000000f4a00000, 0x0000000100000000)
  eden space 115712K, 0% used [0x00000000eb700000,0x00000000eb700000,0x00000000f2800000)
  from space 11264K, 99% used [0x00000000f3680000,0x00000000f417d040,0x00000000f4180000)
  to   space 14848K, 0% used [0x00000000f2800000,0x00000000f2800000,0x00000000f3680000)
 ParOldGen       total 43520K, used 21198K [0x00000000c2400000, 0x00000000c4e80000, 0x00000000eb700000)
  object space 43520K, 48% used [0x00000000c2400000,0x00000000c38b3a38,0x00000000c4e80000)
 Metaspace       used 34232K, capacity 34564K, committed 34864K, reserved 1079296K
  class space    used 4035K, capacity 4113K, committed 4144K, reserved 1048576K
}
Event: 5.680 GC heap before
{Heap before GC invocations=12 (full 1):
 PSYoungGen      total 126976K, used 42479K [0x00000000eb700000, 0x00000000f4a00000, 0x0000000100000000)
  eden space 115712K, 26% used [0x00000000eb700000,0x00000000ed57ecb8,0x00000000f2800000)
  from space 11264K, 99% used [0x00000000f3680000,0x00000000f417d040,0x00000000f4180000)
  to   space 14848K, 0% used [0x00000000f2800000,0x00000000f2800000,0x00000000f3680000)
 ParOldGen       total 43520K, used 21198K [0x00000000c2400000, 0x00000000c4e80000, 0x00000000eb700000)
  object space 43520K, 48% used [0x00000000c2400000,0x00000000c38b3a38,0x00000000c4e80000)
 Metaspace       used 34916K, capacity 35236K, committed 35496K, reserved 1081344K
  class space    used 4120K, capacity 4209K, committed 4272K, reserved 1048576K
Event: 5.735 GC heap after
Heap after GC invocations=12 (full 1):
 PSYoungGen      total 130560K, used 11755K [0x00000000eb700000, 0x00000000f7a00000, 0x0000000100000000)
  eden space 115712K, 0% used [0x00000000eb700000,0x00000000eb700000,0x00000000f2800000)
  from space 14848K, 79% used [0x00000000f2800000,0x00000000f337ad60,0x00000000f3680000)
  to   space 15872K, 0% used [0x00000000f6a80000,0x00000000f6a80000,0x00000000f7a00000)
 ParOldGen       total 43520K, used 21206K [0x00000000c2400000, 0x00000000c4e80000, 0x00000000eb700000)
  object space 43520K, 48% used [0x00000000c2400000,0x00000000c38b5a38,0x00000000c4e80000)
 Metaspace       used 34916K, capacity 35236K, committed 35496K, reserved 1081344K
  class space    used 4120K, capacity 4209K, committed 4272K, reserved 1048576K
}
Event: 5.735 GC heap before
{Heap before GC invocations=13 (full 2):
 PSYoungGen      total 130560K, used 11755K [0x00000000eb700000, 0x00000000f7a00000, 0x0000000100000000)
  eden space 115712K, 0% used [0x00000000eb700000,0x00000000eb700000,0x00000000f2800000)
  from space 14848K, 79% used [0x00000000f2800000,0x00000000f337ad60,0x00000000f3680000)
  to   space 15872K, 0% used [0x00000000f6a80000,0x00000000f6a80000,0x00000000f7a00000)
 ParOldGen       total 43520K, used 21206K [0x00000000c2400000, 0x00000000c4e80000, 0x00000000eb700000)
  object space 43520K, 48% used [0x00000000c2400000,0x00000000c38b5a38,0x00000000c4e80000)
 Metaspace       used 34916K, capacity 35236K, committed 35496K, reserved 1081344K
  class space    used 4120K, capacity 4209K, committed 4272K, reserved 1048576K
Event: 5.860 GC heap after
Heap after GC invocations=13 (full 2):
 PSYoungGen      total 130560K, used 0K [0x00000000eb700000, 0x00000000f7a00000, 0x0000000100000000)
  eden space 115712K, 0% used [0x00000000eb700000,0x00000000eb700000,0x00000000f2800000)
  from space 14848K, 0% used [0x00000000f2800000,0x00000000f2800000,0x00000000f3680000)
  to   space 15872K, 0% used [0x00000000f6a80000,0x00000000f6a80000,0x00000000f7a00000)
 ParOldGen       total 60416K, used 22150K [0x00000000c2400000, 0x00000000c5f00000, 0x00000000eb700000)
  object space 60416K, 36% used [0x00000000c2400000,0x00000000c39a18e8,0x00000000c5f00000)
 Metaspace       used 34916K, capacity 35236K, committed 35496K, reserved 1081344K
  class space    used 4120K, capacity 4209K, committed 4272K, reserved 1048576K
}

